<?xml version="1.0" encoding="UTF-8"?>
<!-- Generated by org.testng.reporters.JUnitReportReporter -->
<testsuite hostname="DESKTOP-RedDeV" failures="0" tests="1" name="testRunner.TestRunner" time="23.871" errors="0" timestamp="2020-03-25T13:27:39 EET" skipped="0">
  <testcase classname="testRunner.TestRunner" name="runScenario" time="23.871"/>
  <system-out/>
</testsuite> <!-- testRunner.TestRunner -->
